#
# A fatal error has been detected by the Java Runtime Environment:
#
#  EXCEPTION_ACCESS_VIOLATION (0xc0000005) at pc=0x00007ff890473004, pid=25660, tid=27984
#
# JRE version: OpenJDK Runtime Environment (24.0.1+9) (build 24.0.1+9-30)
# Java VM: OpenJDK 64-Bit Server VM (24.0.1+9-30, mixed mode, sharing, tiered, compressed oops, compressed class ptrs, g1 gc, windows-amd64)
# Problematic frame:
# C  0x00007ff890473004
#
# No core dump will be written. Minidumps are not enabled by default on client versions of Windows
#
# JFR recording file will be written. Location: C:\Users\chris\IdeaProjects\ShortestPath\hs_err_pid25660.jfr
#
# If you would like to submit a bug report, please visit:
#   https://bugreport.java.com/bugreport/crash.jsp
# The crash happened outside the Java Virtual Machine in native code.
# See problematic frame for where to report the bug.
#

---------------  S U M M A R Y ------------

Command Line: --enable-native-access=javafx.graphics --module-path=C:\Users\chris\Downloads\openjfx-24.0.2_windows-x64_bin-sdk\javafx-sdk-24.0.2\lib --add-modules=javafx.controls,javafx.fxml --enable-preview -javaagent:C:\Program Files\JetBrains\IntelliJ IDEA 2024.3.4.1\lib\idea_rt.jar=59598 -Dfile.encoding=UTF-8 -Dsun.stdout.encoding=UTF-8 -Dsun.stderr.encoding=UTF-8 main.java.com.shortestpath.ui.PathfindingVisualizerApp

Host: 12th Gen Intel(R) Core(TM) i7-1255U, 12 cores, 15G,  Windows 11 , 64 bit Build 26100 (10.0.26100.4484)
Time: Sat Aug  2 09:03:07 2025 Central Daylight Time elapsed time: 19.966452 seconds (0d 0h 0m 19s)

---------------  T H R E A D  ---------------

Current thread (0x0000020ad02dedb0):  JavaThread "Attach Listener" daemon [_thread_in_native, id=27984, stack(0x0000002c34900000,0x0000002c34a00000) (1024K)]

Stack: [0x0000002c34900000,0x0000002c34a00000],  sp=0x0000002c349ff130,  free space=1020k
Native frames: (J=compiled Java code, j=interpreted, Vv=VM code, C=native code)
C  0x00007ff890473004  (no source info available)
C  0x00007ff8904734db  (no source info available)
C  0x00007ff890472134  (no source info available)
C  0x00007ff8904729aa  (no source info available)
C  0x00007ff89046d561  (no source info available)
C  0x00007ff89045ef21  (no source info available)
C  0x00007ff89045dc38  (no source info available)
C  0x00007ff89045db20  (no source info available)
C  0x00007ff890464af9  (no source info available)
V  [jvm.dll+0x57eff7]  (no source info available)
V  [jvm.dll+0x57fdac]  (no source info available)
V  [jvm.dll+0x14ca17]  (no source info available)
V  [jvm.dll+0x14dfe1]  (no source info available)
V  [jvm.dll+0x42f456]  (no source info available)
V  [jvm.dll+0x87d76b]  (no source info available)
V  [jvm.dll+0x72ee55]  (no source info available)
C  [ucrtbase.dll+0x37b0]  (no source info available)
C  [KERNEL32.DLL+0x2e8d7]  (no source info available)
C  [ntdll.dll+0x3c34c]  (no source info available)


siginfo: EXCEPTION_ACCESS_VIOLATION (0xc0000005), reading address 0xffffffffffffffff


Registers:
RAX=0x0000000000000010, RBX=0x0000000000000000, RCX=0xffffffffffffffff, RDX=0x007ff873e6300010
RSP=0x0000002c349ff130, RBP=0x0000020b175082a0, RSI=0x0000002c349ff2a0, RDI=0x0000020b175082a0
R8 =0x0000000000000042, R9 =0x000000070fe201f8, R10=0x00007ff8740d9fb0, R11=0x000000000000000a
R12=0x0000002c349ff2a0, R13=0x0000020ad07560f0, R14=0x0000020ad02df178, R15=0x0000020ad02df178
RIP=0x00007ff890473004, EFLAGS=0x0000000000010202

XMM[0]=0x0000000000000000 0x0000000000000000
XMM[1]=0x0000000000000000 0x0000000000000000
XMM[2]=0x0000000000000000 0x0000000000000000
XMM[3]=0x0000000000000000 0x0000000000000000
XMM[4]=0x0000000000000000 0x0000000000000000
XMM[5]=0x0000000000000000 0x0000000000000000
XMM[6]=0x0000000000000000 0x0000000000000000
XMM[7]=0x0000000000000000 0x0000000000000000
XMM[8]=0x0000000000000000 0x0000000000000000
XMM[9]=0x0000000000000000 0x0000000000000000
XMM[10]=0x0000000000000000 0x0000000000000000
XMM[11]=0x0000000000000000 0x0000000000000000
XMM[12]=0x0000000000000000 0x0000000000000000
XMM[13]=0x0000000000000000 0x0000000000000000
XMM[14]=0x0000000000000000 0x0000000000000000
XMM[15]=0x0000000000000000 0x0000000000000000
  MXCSR=0x00001fa0


Register to memory mapping:

RAX=0x0000000000000010 is an unknown value
RBX=0x0 is null
RCX=0xffffffffffffffff is an unknown value
RDX=0x007ff873e6300010 is an unknown value
RSP=0x0000002c349ff130 is pointing into the stack for thread: 0x0000020ad02dedb0
RBP=0x0000020b175082a0 points into unknown readable memory: 0x000000070fe201f8 | f8 01 e2 0f 07 00 00 00
RSI=0x0000002c349ff2a0 is pointing into the stack for thread: 0x0000020ad02dedb0
RDI=0x0000020b175082a0 points into unknown readable memory: 0x000000070fe201f8 | f8 01 e2 0f 07 00 00 00
R8 =0x0000000000000042 is an unknown value
R9 =0x000000070fe201f8 is an oop: java.lang.Thread 
{0x000000070fe201f8} - klass: 'java/lang/Thread' - flags: 

 - ---- fields (total size 14 words):
 - 'threadLocalRandomProbe' 'I' @12  0 (0x00000000)
 - private volatile 'eetop' 'J' @16  2244897095776 (0x0000020aae4b4060)
 - private final 'tid' 'J' @24  3 (0x0000000000000003)
 - 'threadLocalRandomSeed' 'J' @32  0 (0x0000000000000000)
 - injected 'jvmti_thread_state' 'J' @40  2246797171616 (0x0000020b1f8c1ba0)
 - 'threadLocalRandomSecondarySeed' 'I' @48  0 (0x00000000)
 - injected 'jvmti_VTMS_transition_disable_count' 'I' @52  0 (0x00000000)
 - injected 'jfr_epoch' 'S' @56  0 (0x0000)
 - volatile 'interrupted' 'Z' @58  false (0x00)
 - injected 'jvmti_is_in_VTMS_transition' 'Z' @59  false (0x00)
 - private volatile 'name' 'Ljava/lang/String;' @60  "main"{0x000000070f5fdaa0} (0xe1ebfb54)
 - private volatile 'contextClassLoader' 'Ljava/lang/ClassLoader;' @64  a 'jdk/internal/loader/ClassLoaders$AppClassLoader'{0x000000070fe63028} (0xe1fcc605)
 - private final 'holder' 'Ljava/lang/Thread$FieldHolder;' @68  a 'java/lang/Thread$FieldHolder'{0x000000070f5fdad0} (0xe1ebfb5a)
 - 'threadLocals' 'Ljava/lang/ThreadLocal$ThreadLocalMap;' @72  a 'java/lang/ThreadLocal$ThreadLocalMap'{0x000000070f5fdaf8} (0xe1ebfb5f)
 - 'inheritableThreadLocals' 'Ljava/lang/ThreadLocal$ThreadLocalMap;' @76  null (0x00000000)
 - private 'scopedValueBindings' 'Ljava/lang/Object;' @80  a 'java/lang/Class'{0x00000007ffe7c258} = 'java/lang/Thread' (0xfffcf84b)
 - final 'interruptLock' 'Ljava/lang/Object;' @84  a 'java/lang/Object'{0x000000070f5fdd50} (0xe1ebfbaa)
 - private volatile 'parkBlocker' 'Ljava/lang/Object;' @88  a 'java/util/concurrent/CountDownLatch$Sync'{0x000000070fe201d8} (0xe1fc403b)
 - private 'nioBlocker' 'Lsun/nio/ch/Interruptible;' @92  null (0x00000000)
 - private 'cont' 'Ljdk/internal/vm/Continuation;' @96  null (0x00000000)
 - private volatile 'uncaughtExceptionHandler' 'Ljava/lang/Thread$UncaughtExceptionHandler;' @100  null (0x00000000)
 - private 'container' 'Ljdk/internal/vm/ThreadContainer;' @104  null (0x00000000)
 - private volatile 'headStackableScopes' 'Ljdk/internal/vm/StackableScope;' @108  null (0x00000000)
R10=0x00007ff8740d9fb0 jvm.dll
R11=0x000000000000000a is an unknown value
R12=0x0000002c349ff2a0 is pointing into the stack for thread: 0x0000020ad02dedb0
R13=0x0000020ad07560f0 points into unknown readable memory: 0x00007ff87404a510 | 10 a5 04 74 f8 7f 00 00
R14=0x0000020ad02df178 points into unknown readable memory: 0x00007ff8740417b0 | b0 17 04 74 f8 7f 00 00
R15=0x0000020ad02df178 points into unknown readable memory: 0x00007ff8740417b0 | b0 17 04 74 f8 7f 00 00

Top of Stack: (sp=0x0000002c349ff130)
0x0000002c349ff130:   0000002c349ff2a0 0000020b175082a0   ...4,.....P.....
0x0000002c349ff140:   0000000000000000 0000020ad02dfd30   ........0.-.....
0x0000002c349ff150:   000000000000003b 00007ff8904734db   ;........4G.....
0x0000002c349ff160:   0000000000000000 0000020ad02df178   ........x.-.....
0x0000002c349ff170:   0000002c349ff201 0000000000000000   ...4,...........
0x0000002c349ff180:   0000020ad06ebc50 00007ff890472134   P.n.....4!G.....
0x0000002c349ff190:   0000000000000000 000000000000003b   ........;.......
0x0000002c349ff1a0:   0000000000000000 000000000000003b   ........;.......
0x0000002c349ff1b0:   0000001500000002 0000020ad054b350   ........P.T.....
0x0000002c349ff1c0:   0000020ad06ebc50 0000020ad06ebd3c   P.n.....<.n.....
0x0000002c349ff1d0:   0000020ad06ebd4c 0000000000001748   L.n.....H.......
0x0000002c349ff1e0:   0000000000000000 0000000000000000   ................
0x0000002c349ff1f0:   0000000000000000 00007ff8738a57d4   .........W.s....
0x0000002c349ff200:   00007ff8905cae00 000000000000643c   ..\.....<d......
0x0000002c349ff210:   00007ff8905cae00 00000000ffffffff   ..\.............
0x0000002c349ff220:   0000000000000000 00007ff8904729aa   .........)G.....
0x0000002c349ff230:   0000020ad02df178 0000000000000000   x.-.............
0x0000002c349ff240:   0000002c349ff2a9 0000020ad07560f0   ...4,....`u.....
0x0000002c349ff250:   0000000000000004 0000000000000048   ........H.......
0x0000002c349ff260:   0000000800800310 0000000000000020   ........ .......
0x0000002c349ff270:   0000020ad02df178 00007ff8905cae00   x.-.......\.....
0x0000002c349ff280:   0000020ad02dbea0 0000020b1f8c1ba0   ..-.............
0x0000002c349ff290:   0000000800800390 0000020ad02df178   ........x.-.....
0x0000002c349ff2a0:   0000020b1f6c2590 0000020b1f6c2cf0   .%l......,l.....
0x0000002c349ff2b0:   0000020b1f6c2cf0 00007ff8905cae00   .,l.......\.....
0x0000002c349ff2c0:   0000020b1f3a9ba8 0000002c349ff438   ..:.....8..4,...
0x0000002c349ff2d0:   0000002c349ff570 0000000000008840   p..4,...@.......
0x0000002c349ff2e0:   0000002c349ff750 00007ff8905cae50   P..4,...P.\.....
0x0000002c349ff2f0:   0000000000989680 0000000000989680   ................
0x0000002c349ff300:   0000002c349ff410 00007ff89046d561   ...4,...a.F.....
0x0000002c349ff310:   00007ff8905cae00 00007ff8905cae58   ..\.....X.\.....
0x0000002c349ff320:   00007ff800000000 00007ff800000001   ................

Instructions: (pc=0x00007ff890473004)
  0x00007ff890472f04:   cc cc cc cc cc cc cc cc cc cc cc cc cc cc cc cc
  0x00007ff890472f14:   cc cc cc cc cc cc cc cc cc cc cc cc cc cc cc cc
  0x00007ff890472f24:   cc cc cc cc cc cc cc cc cc cc cc cc cc cc cc cc
  0x00007ff890472f34:   cc cc cc cc cc cc cc cc cc cc cc cc cc cc cc cc
  0x00007ff890472f44:   cc cc cc cc cc cc cc cc cc cc cc cc cc cc cc cc
  0x00007ff890472f54:   cc cc cc cc cc cc cc cc cc cc cc cc cc cc cc cc
  0x00007ff890472f64:   cc cc cc cc cc cc cc cc cc cc cc cc cc cc cc cc
  0x00007ff890472f74:   cc cc cc cc cc cc cc cc cc cc cc cc cc cc cc cc
  0x00007ff890472f84:   cc cc cc cc cc cc cc cc cc cc cc cc 40 57 48 83
  0x00007ff890472f94:   ec 20 48 8b f9 48 8b 0d 30 80 15 00 48 85 c9 74
  0x00007ff890472fa4:   20 48 8b 01 48 8d 54 24 38 41 b8 06 00 01 00 4c
  0x00007ff890472fb4:   8b 48 30 41 ff d1 85 c0 75 07 48 8b 4c 24 38 eb
  0x00007ff890472fc4:   02 33 c9 4c 8b 05 0a 81 15 00 48 89 5c 24 30 4d
  0x00007ff890472fd4:   85 c0 74 4a 48 8b 01 48 8b d7 4c 8b 88 28 03 00
  0x00007ff890472fe4:   00 41 ff d1 48 85 c0 74 35 48 63 0d b8 3d 15 00
  0x00007ff890472ff4:   48 8b 14 01 48 85 d2 74 15 48 63 05 bc 3d 15 00
=>0x00007ff890473004:   8b 04 10 48 8b 5c 24 30 48 83 c4 20 5f c3 b8 ff
  0x00007ff890473014:   ff ff ff 48 8b 5c 24 30 48 83 c4 20 5f c3 80 3d
  0x00007ff890473024:   bb 7f 15 00 00 bb ff ff ff ff 74 20 4c 8b 0d 51
  0x00007ff890473034:   7c 15 00 4c 8d 44 24 38 48 8b 0d 35 7c 15 00 48
  0x00007ff890473044:   8b d7 41 ff d1 85 c0 0f 44 5c 24 38 8b c3 48 8b
  0x00007ff890473054:   5c 24 30 48 83 c4 20 5f c3 cc cc cc cc cc cc cc
  0x00007ff890473064:   cc cc cc cc cc cc cc cc cc cc cc cc cc cc cc cc
  0x00007ff890473074:   cc cc cc cc cc cc cc cc cc cc cc cc cc cc cc cc
  0x00007ff890473084:   cc cc cc cc cc cc cc cc cc cc cc cc 48 89 54 24
  0x00007ff890473094:   10 53 55 56 57 41 56 41 57 48 83 ec 28 48 8b f2
  0x00007ff8904730a4:   4c 8b f1 48 89 4c 24 78 45 33 ff 44 89 7c 24 68
  0x00007ff8904730b4:   c7 44 24 60 01 00 00 00 48 8d 4c 24 68 e8 69 3c
  0x00007ff8904730c4:   f7 ff 8b d8 48 8d 4c 24 60 e8 5d 3c f7 ff 8b e8
  0x00007ff8904730d4:   49 8b ce e8 33 f3 f6 ff 48 8b f8 90 8b c3 f0 0f
  0x00007ff8904730e4:   b1 2f 74 04 f3 90 eb f4 4c 89 3e 4c 89 7e 08 4c
  0x00007ff8904730f4:   89 7e 10 49 8b 6e 08 4d 8b 76 10 49 3b ee 0f 84


Stack slot to memory mapping:

stack at sp + 0 slots: 0x0000002c349ff2a0 is pointing into the stack for thread: 0x0000020ad02dedb0
stack at sp + 1 slots: 0x0000020b175082a0 points into unknown readable memory: 0x000000070fe201f8 | f8 01 e2 0f 07 00 00 00
stack at sp + 2 slots: 0x0 is null
stack at sp + 3 slots: 0x0000020ad02dfd30 points into unknown readable memory: 0x6e616c2e6176616a | 6a 61 76 61 2e 6c 61 6e
stack at sp + 4 slots: 0x000000000000003b is an unknown value
stack at sp + 5 slots: 0x00007ff8904734db points into unknown readable memory: 44 8b d8 83 f8
stack at sp + 6 slots: 0x0 is null
stack at sp + 7 slots: 0x0000020ad02df178 points into unknown readable memory: 0x00007ff8740417b0 | b0 17 04 74 f8 7f 00 00

Lock stack of current Java thread (top to bottom):


---------------  P R O C E S S  ---------------

Threads class SMR info:
_java_thread_list=0x0000020b1f9194c0, length=27, elements={
0x0000020aae4b4060, 0x0000020ad02d91c0, 0x0000020ad02d9900, 0x0000020ad02dc050,
0x0000020ad02dedb0, 0x0000020ad02e3630, 0x0000020ad02e73a0, 0x0000020ad02e8680,
0x0000020ad03027d0, 0x0000020ad03eb070, 0x0000020ad0856360, 0x0000020ad0778340,
0x0000020ad0d2a1e0, 0x0000020b16a57f90, 0x0000020b16ab1c00, 0x0000020b16ac8180,
0x0000020b16accb20, 0x0000020b16acde70, 0x0000020b16ace5b0, 0x0000020b16cfba00,
0x0000020b16cfc8a0, 0x0000020b170c3390, 0x0000020b170c24f0, 0x0000020ad06c43a0,
0x0000020b170c4230, 0x0000020b170c0f00, 0x0000020b1f388590
}

Java Threads: ( => current thread )
  0x0000020aae4b4060 JavaThread "main"                              [_thread_blocked, id=29640, stack(0x0000002c33e00000,0x0000002c33f00000) (1024K)]
  0x0000020ad02d91c0 JavaThread "Reference Handler"          daemon [_thread_blocked, id=19280, stack(0x0000002c34600000,0x0000002c34700000) (1024K)]
  0x0000020ad02d9900 JavaThread "Finalizer"                  daemon [_thread_blocked, id=17884, stack(0x0000002c34700000,0x0000002c34800000) (1024K)]
  0x0000020ad02dc050 JavaThread "Signal Dispatcher"          daemon [_thread_blocked, id=28808, stack(0x0000002c34800000,0x0000002c34900000) (1024K)]
=>0x0000020ad02dedb0 JavaThread "Attach Listener"            daemon [_thread_in_native, id=27984, stack(0x0000002c34900000,0x0000002c34a00000) (1024K)]
  0x0000020ad02e3630 JavaThread "Service Thread"             daemon [_thread_blocked, id=24204, stack(0x0000002c34a00000,0x0000002c34b00000) (1024K)]
  0x0000020ad02e73a0 JavaThread "Monitor Deflation Thread"   daemon [_thread_blocked, id=20836, stack(0x0000002c34b00000,0x0000002c34c00000) (1024K)]
  0x0000020ad02e8680 JavaThread "C2 CompilerThread0"         daemon [_thread_blocked, id=12208, stack(0x0000002c34c00000,0x0000002c34d00000) (1024K)]
  0x0000020ad03027d0 JavaThread "C1 CompilerThread0"         daemon [_thread_blocked, id=23248, stack(0x0000002c34d00000,0x0000002c34e00000) (1024K)]
  0x0000020ad03eb070 JavaThread "Common-Cleaner"             daemon [_thread_blocked, id=28096, stack(0x0000002c34e00000,0x0000002c34f00000) (1024K)]
  0x0000020ad0856360 JavaThread "Monitor Ctrl-Break"         daemon [_thread_in_native, id=27824, stack(0x0000002c35100000,0x0000002c35200000) (1024K)]
  0x0000020ad0778340 JavaThread "Notification Thread"        daemon [_thread_blocked, id=21740, stack(0x0000002c35200000,0x0000002c35300000) (1024K)]
  0x0000020ad0d2a1e0 JavaThread "QuantumRenderer-0"          daemon [_thread_blocked, id=8536, stack(0x0000002c35300000,0x0000002c35400000) (1024K)]
  0x0000020b16a57f90 JavaThread "RMI TCP Accept-0"           daemon [_thread_in_native, id=19096, stack(0x0000002c35800000,0x0000002c35900000) (1024K)]
  0x0000020b16ab1c00 JavaThread "RMI TCP Connection(1)-10.169.161.178" daemon [_thread_in_native, id=19608, stack(0x0000002c35900000,0x0000002c35a00000) (1024K)]
  0x0000020b16ac8180 JavaThread "RMI Scheduler(0)"           daemon [_thread_blocked, id=19640, stack(0x0000002c35a00000,0x0000002c35b00000) (1024K)]
  0x0000020b16accb20 JavaThread "InvokeLaterDispatcher"      daemon [_thread_blocked, id=17816, stack(0x0000002c35b00000,0x0000002c35c00000) (1024K)]
  0x0000020b16acde70 JavaThread "JMX server connection timeout 34" daemon [_thread_blocked, id=21292, stack(0x0000002c35c00000,0x0000002c35d00000) (1024K)]
  0x0000020b16ace5b0 JavaThread "JavaFX Application Thread"         [_thread_in_native, id=7796, stack(0x0000002c35d00000,0x0000002c35e00000) (1024K)]
  0x0000020b16cfba00 JavaThread "JavaFX-Launcher"                   [_thread_blocked, id=14352, stack(0x0000002c36500000,0x0000002c36600000) (1024K)]
  0x0000020b16cfc8a0 JavaThread "Thread-2"                   daemon [_thread_in_native, id=19768, stack(0x0000002c36400000,0x0000002c36500000) (1024K)]
  0x0000020b170c3390 JavaThread "Prism Font Disposer"        daemon [_thread_blocked, id=18468, stack(0x0000002c36b00000,0x0000002c36c00000) (1024K)]
  0x0000020b170c24f0 JavaThread "Cleaner-0"                  daemon [_thread_blocked, id=13452, stack(0x0000002c36c00000,0x0000002c36d00000) (1024K)]
  0x0000020ad06c43a0 JavaThread "C2 CompilerThread1"         daemon [_thread_blocked, id=19624, stack(0x0000002c34f00000,0x0000002c35000000) (1024K)]
  0x0000020b170c4230 JavaThread "JFR Recorder Thread"        daemon [_thread_in_native, id=3092, stack(0x0000002c35000000,0x0000002c35100000) (1024K)]
  0x0000020b170c0f00 JavaThread "JFR Periodic Tasks"         daemon [_thread_blocked, id=23564, stack(0x0000002c37300000,0x0000002c37400000) (1024K)]
  0x0000020b1f388590 JavaThread "C2 CompilerThread2"         daemon [_thread_blocked, id=5960, stack(0x0000002c37400000,0x0000002c37500000) (1024K)]
Total: 27

Other Threads:
  0x0000020ad02c8970 VMThread "VM Thread"                           [id=15732, stack(0x0000002c34500000,0x0000002c34600000) (1024K)]
  0x0000020ad02bc230 WatcherThread "VM Periodic Task Thread"        [id=24556, stack(0x0000002c34400000,0x0000002c34500000) (1024K)]
  0x0000020ab08a28c0 WorkerThread "GC Thread#0"                     [id=27228, stack(0x0000002c33f00000,0x0000002c34000000) (1024K)]
  0x0000020b1770c4f0 WorkerThread "GC Thread#1"                     [id=2716, stack(0x0000002c36600000,0x0000002c36700000) (1024K)]
  0x0000020b1770c8a0 WorkerThread "GC Thread#2"                     [id=21020, stack(0x0000002c36700000,0x0000002c36800000) (1024K)]
  0x0000020b1770d760 WorkerThread "GC Thread#3"                     [id=22980, stack(0x0000002c36800000,0x0000002c36900000) (1024K)]
  0x0000020b1770d000 WorkerThread "GC Thread#4"                     [id=12980, stack(0x0000002c36900000,0x0000002c36a00000) (1024K)]
  0x0000020b1770dec0 WorkerThread "GC Thread#5"                     [id=26884, stack(0x0000002c36a00000,0x0000002c36b00000) (1024K)]
  0x0000020b16f932e0 WorkerThread "GC Thread#6"                     [id=25916, stack(0x0000002c36d00000,0x0000002c36e00000) (1024K)]
  0x0000020b16f95b70 WorkerThread "GC Thread#7"                     [id=26000, stack(0x0000002c36e00000,0x0000002c36f00000) (1024K)]
  0x0000020b16f94cb0 WorkerThread "GC Thread#8"                     [id=19544, stack(0x0000002c36f00000,0x0000002c37000000) (1024K)]
  0x0000020b16f93690 WorkerThread "GC Thread#9"                     [id=28932, stack(0x0000002c37000000,0x0000002c37100000) (1024K)]
  0x0000020ab08b72e0 ConcurrentGCThread "G1 Main Marker"            [id=10536, stack(0x0000002c34000000,0x0000002c34100000) (1024K)]
  0x0000020ab08b8ce0 WorkerThread "G1 Conc#0"                       [id=14888, stack(0x0000002c34100000,0x0000002c34200000) (1024K)]
  0x0000020b16f93a40 WorkerThread "G1 Conc#1"                       [id=16852, stack(0x0000002c37100000,0x0000002c37200000) (1024K)]
  0x0000020b16f93df0 WorkerThread "G1 Conc#2"                       [id=28756, stack(0x0000002c37200000,0x0000002c37300000) (1024K)]
  0x0000020ad017d690 ConcurrentGCThread "G1 Refine#0"               [id=17120, stack(0x0000002c34200000,0x0000002c34300000) (1024K)]
  0x0000020ad017dc30 ConcurrentGCThread "G1 Service"                [id=1968, stack(0x0000002c34300000,0x0000002c34400000) (1024K)]
Total: 18

Threads with active compile tasks:
Total: 0

VM state: not at safepoint (normal execution)

VM Mutex/Monitor currently owned by a thread: None

Heap address: 0x0000000704e00000, size: 4018 MB, Compressed Oops mode: Zero based, Oop shift amount: 3

CDS archive(s) mapped at: [0x0000020ad1000000-0x0000020ad1d40000-0x0000020ad1d40000), size 13893632, SharedBaseAddress: 0x0000020ad1000000, ArchiveRelocationMode: 1.
Compressed class space mapped at: 0x0000020ad2000000-0x0000020b12000000, reserved size: 1073741824
UseCompressedClassPointers 1, UseCompactObjectHeaders 0
Narrow klass pointer bits 32, Max shift 3
Narrow klass base: 0x0000020ad1000000, Narrow klass shift: 0
Encoding Range: [0x0000020ad1000000 - 0x0000020bd1000000), (4294967296 bytes)
Klass Range:    [0x0000020ad1000000 - 0x0000020b12000000), (1090519040 bytes)
Klass ID Range:  [8 - 1090519033) (1090519025)

GC Precious Log:
 CardTable entry size: 512
 Card Set container configuration: InlinePtr #cards 4 size 8 Array Of Cards #cards 16 size 48 Howl #buckets 8 coarsen threshold 3686 Howl Bitmap #cards 512 size 80 coarsen threshold 460 Card regions per heap region 1 cards per card region 4096
 CPUs: 12 total, 12 available
 Memory: 16068M
 Large Page Support: Disabled
 NUMA Support: Disabled
 Compressed Oops: Enabled (Zero based)
 Heap Region Size: 2M
 Heap Min Capacity: 8M
 Heap Initial Capacity: 252M
 Heap Max Capacity: 4018M
 Pre-touch: Disabled
 Parallel Workers: 10
 Concurrent Workers: 3
 Concurrent Refinement Workers: 10
 Periodic GC: Disabled

Heap:
 garbage-first heap   total reserved 4114432K, committed 75776K, used 26034K [0x0000000704e00000, 0x0000000800000000)
  region size 2048K, 12 young (24576K), 8 survivors (16384K)
 Metaspace       used 21579K, committed 21952K, reserved 1114112K
  class space    used 2459K, committed 2624K, reserved 1048576K

Heap Regions: E=young(eden), S=young(survivor), O=old, HS=humongous(starts), HC=humongous(continues), CS=collection set, F=free, TAMS=top-at-mark-start, PB=parsable bottom
|   0|0x0000000704e00000, 0x0000000705000000, 0x0000000705000000|100%|HS|  |TAMS 0x0000000704e00000| PB 0x0000000704e00000| Complete |  0
|   1|0x0000000705000000, 0x00000007050505b8, 0x0000000705200000| 15%| O|  |TAMS 0x0000000705000000| PB 0x0000000705000000| Untracked |  0
|   2|0x0000000705200000, 0x0000000705200000, 0x0000000705400000|  0%| F|  |TAMS 0x0000000705200000| PB 0x0000000705200000| Untracked |  0
|   3|0x0000000705400000, 0x0000000705400000, 0x0000000705600000|  0%| F|  |TAMS 0x0000000705400000| PB 0x0000000705400000| Untracked |  0
|   4|0x0000000705600000, 0x0000000705600000, 0x0000000705800000|  0%| F|  |TAMS 0x0000000705600000| PB 0x0000000705600000| Untracked |  0
|   5|0x0000000705800000, 0x0000000705800000, 0x0000000705a00000|  0%| F|  |TAMS 0x0000000705800000| PB 0x0000000705800000| Untracked |  0
|   6|0x0000000705a00000, 0x0000000705a00000, 0x0000000705c00000|  0%| F|  |TAMS 0x0000000705a00000| PB 0x0000000705a00000| Untracked |  0
|   7|0x0000000705c00000, 0x0000000705c00000, 0x0000000705e00000|  0%| F|  |TAMS 0x0000000705c00000| PB 0x0000000705c00000| Untracked |  0
|   8|0x0000000705e00000, 0x0000000705e00000, 0x0000000706000000|  0%| F|  |TAMS 0x0000000705e00000| PB 0x0000000705e00000| Untracked |  0
|   9|0x0000000706000000, 0x0000000706000000, 0x0000000706200000|  0%| F|  |TAMS 0x0000000706000000| PB 0x0000000706000000| Untracked |  0
|  10|0x0000000706200000, 0x0000000706200000, 0x0000000706400000|  0%| F|  |TAMS 0x0000000706200000| PB 0x0000000706200000| Untracked |  0
|  11|0x0000000706400000, 0x0000000706400000, 0x0000000706600000|  0%| F|  |TAMS 0x0000000706400000| PB 0x0000000706400000| Untracked |  0
|  12|0x0000000706600000, 0x0000000706600000, 0x0000000706800000|  0%| F|  |TAMS 0x0000000706600000| PB 0x0000000706600000| Untracked |  0
|  13|0x0000000706800000, 0x0000000706800000, 0x0000000706a00000|  0%| F|  |TAMS 0x0000000706800000| PB 0x0000000706800000| Untracked |  0
|  14|0x0000000706a00000, 0x0000000706a00000, 0x0000000706c00000|  0%| F|  |TAMS 0x0000000706a00000| PB 0x0000000706a00000| Untracked |  0
|  15|0x0000000706c00000, 0x0000000706c00000, 0x0000000706e00000|  0%| F|  |TAMS 0x0000000706c00000| PB 0x0000000706c00000| Untracked |  0
|  16|0x0000000706e00000, 0x0000000706e00000, 0x0000000707000000|  0%| F|  |TAMS 0x0000000706e00000| PB 0x0000000706e00000| Untracked |  0
|  17|0x0000000707000000, 0x0000000707000000, 0x0000000707200000|  0%| F|  |TAMS 0x0000000707000000| PB 0x0000000707000000| Untracked |  0
|  18|0x0000000707200000, 0x0000000707200000, 0x0000000707400000|  0%| F|  |TAMS 0x0000000707200000| PB 0x0000000707200000| Untracked |  0
|  19|0x0000000707400000, 0x0000000707400000, 0x0000000707600000|  0%| F|  |TAMS 0x0000000707400000| PB 0x0000000707400000| Untracked |  0
|  20|0x0000000707600000, 0x0000000707600000, 0x0000000707800000|  0%| F|  |TAMS 0x0000000707600000| PB 0x0000000707600000| Untracked |  0
|  21|0x0000000707800000, 0x0000000707800000, 0x0000000707a00000|  0%| F|  |TAMS 0x0000000707800000| PB 0x0000000707800000| Untracked |  0
|  22|0x0000000707a00000, 0x0000000707a00000, 0x0000000707c00000|  0%| F|  |TAMS 0x0000000707a00000| PB 0x0000000707a00000| Untracked |  0
|  23|0x0000000707c00000, 0x0000000707c00000, 0x0000000707e00000|  0%| F|  |TAMS 0x0000000707c00000| PB 0x0000000707c00000| Untracked |  0
|  24|0x0000000707e00000, 0x0000000707ecacd8, 0x0000000708000000| 39%| E|  |TAMS 0x0000000707e00000| PB 0x0000000707e00000| Complete |  0
|  25|0x0000000708000000, 0x0000000708200000, 0x0000000708200000|100%| E|CS|TAMS 0x0000000708000000| PB 0x0000000708000000| Complete |  0
|  26|0x0000000708200000, 0x0000000708400000, 0x0000000708400000|100%| E|CS|TAMS 0x0000000708200000| PB 0x0000000708200000| Complete |  0
|  81|0x000000070f000000, 0x000000070f200000, 0x000000070f200000|100%| S|CS|TAMS 0x000000070f000000| PB 0x000000070f000000| Complete |  0
|  82|0x000000070f200000, 0x000000070f400000, 0x000000070f400000|100%| S|CS|TAMS 0x000000070f200000| PB 0x000000070f200000| Complete |  0
|  83|0x000000070f400000, 0x000000070f600000, 0x000000070f600000|100%| S|CS|TAMS 0x000000070f400000| PB 0x000000070f400000| Complete |  0
|  84|0x000000070f600000, 0x000000070f800000, 0x000000070f800000|100%| S|CS|TAMS 0x000000070f600000| PB 0x000000070f600000| Complete |  0
|  85|0x000000070f800000, 0x000000070fa00000, 0x000000070fa00000|100%| S|CS|TAMS 0x000000070f800000| PB 0x000000070f800000| Complete |  0
|  86|0x000000070fa00000, 0x000000070fc00000, 0x000000070fc00000|100%| S|CS|TAMS 0x000000070fa00000| PB 0x000000070fa00000| Complete |  0
|  87|0x000000070fc00000, 0x000000070fe00000, 0x000000070fe00000|100%| S|CS|TAMS 0x000000070fc00000| PB 0x000000070fc00000| Complete |  0
|  88|0x000000070fe00000, 0x0000000710000000, 0x0000000710000000|100%| S|CS|TAMS 0x000000070fe00000| PB 0x000000070fe00000| Complete |  0
| 125|0x0000000714800000, 0x0000000714a00000, 0x0000000714a00000|100%| E|CS|TAMS 0x0000000714800000| PB 0x0000000714800000| Complete |  0
|2008|0x00000007ffe00000, 0x00000007fff1c288, 0x0000000800000000| 55%| O|Cm|TAMS 0x00000007ffe00000| PB 0x00000007ffe00000| Complete |  0

Card table byte_map: [0x0000020ac8f30000,0x0000020ac9710000] _byte_map_base: 0x0000020ac5709000

Marking Bits: (CMBitMap*) 0x0000020ab08a2fd0
 Bits: [0x0000020ac9710000, 0x0000020acd5d8000)

Polling page: 0x0000020ab0010000

Metaspace:

Usage:
  Non-class:     18.67 MB used.
      Class:      2.40 MB used.
       Both:     21.07 MB used.

Virtual space:
  Non-class space:       64.00 MB reserved,      18.88 MB ( 29%) committed,  1 nodes.
      Class space:        1.00 GB reserved,       2.56 MB ( <1%) committed,  1 nodes.
             Both:        1.06 GB reserved,      21.44 MB (  2%) committed. 

Chunk freelists:
   Non-Class:  12.98 MB
       Class:  13.47 MB
        Both:  26.45 MB

MaxMetaspaceSize: unlimited
CompressedClassSpaceSize: 1.00 GB
Initial GC threshold: 21.00 MB
Current GC threshold: 35.12 MB
CDS: on
 - commit_granule_bytes: 65536.
 - commit_granule_words: 8192.
 - virtual_space_node_default_size: 8388608.
 - enlarge_chunks_in_place: 1.
UseCompressedClassPointers 1, UseCompactObjectHeaders 0
Narrow klass pointer bits 32, Max shift 3
Narrow klass base: 0x0000020ad1000000, Narrow klass shift: 0
Encoding Range: [0x0000020ad1000000 - 0x0000020bd1000000), (4294967296 bytes)
Klass Range:    [0x0000020ad1000000 - 0x0000020b12000000), (1090519040 bytes)
Klass ID Range:  [8 - 1090519033) (1090519025)


Internal statistics:

num_allocs_failed_limit: 3.
num_arena_births: 352.
num_arena_deaths: 0.
num_vsnodes_births: 2.
num_vsnodes_deaths: 0.
num_space_committed: 343.
num_space_uncommitted: 0.
num_chunks_returned_to_freelist: 3.
num_chunks_taken_from_freelist: 887.
num_chunk_merges: 0.
num_chunk_splits: 599.
num_chunks_enlarged: 411.
num_inconsistent_stats: 0.

CodeHeap 'non-profiled nmethods': size=120064Kb used=1907Kb max_used=1907Kb free=118156Kb
 bounds [0x0000020ac0ba0000, 0x0000020ac0e10000, 0x0000020ac80e0000]
CodeHeap 'profiled nmethods': size=120000Kb used=7972Kb max_used=7972Kb free=112028Kb
 bounds [0x0000020ab90e0000, 0x0000020ab98b0000, 0x0000020ac0610000]
CodeHeap 'non-nmethods': size=5696Kb used=1695Kb max_used=1859Kb free=4000Kb
 bounds [0x0000020ac0610000, 0x0000020ac0880000, 0x0000020ac0ba0000]
CodeCache: size=245760Kb, used=11574Kb, max_used=11738Kb, free=234184Kb
 total_blobs=5585, nmethods=4724, adapters=766, full_count=0
Compilation: enabled, stopped_count=0, restarted_count=0

Compilation events (20 events):
Event: 19.899 Thread 0x0000020ad03027d0 4726       1       jdk.jfr.internal.EventControl::getEventType (5 bytes)
Event: 19.899 Thread 0x0000020ad02e8680 nmethod 4685 0x0000020ac0d6ff88 code [0x0000020ac0d700a0, 0x0000020ac0d701b8]
Event: 19.899 Thread 0x0000020ad03027d0 nmethod 4726 0x0000020ac0d70288 code [0x0000020ac0d70380, 0x0000020ac0d70448]
Event: 19.899 Thread 0x0000020ad03027d0 4727       1       jdk.jfr.internal.EventControl::getSettingsId (5 bytes)
Event: 19.899 Thread 0x0000020ad02e8680 4717       4       java.util.LinkedHashMap::linkNodeAtEnd (76 bytes)
Event: 19.899 Thread 0x0000020ad03027d0 nmethod 4727 0x0000020ac0d70588 code [0x0000020ac0d70680, 0x0000020ac0d70748]
Event: 19.899 Thread 0x0000020ad03027d0 4728       1       jdk.jfr.internal.EventControl::getNamedControls (5 bytes)
Event: 19.899 Thread 0x0000020ad03027d0 nmethod 4728 0x0000020ac0d70888 code [0x0000020ac0d70980, 0x0000020ac0d70a48]
Event: 19.900 Thread 0x0000020ad02e8680 nmethod 4717 0x0000020ac0d70b88 code [0x0000020ac0d70ca0, 0x0000020ac0d711c8]
Event: 19.900 Thread 0x0000020ad02e8680 4706       4       jdk.jfr.internal.MetadataWriter::writeInt (148 bytes)
Event: 19.902 Thread 0x0000020b1f388590 nmethod 4709 0x0000020ac0d71208 code [0x0000020ac0d71340, 0x0000020ac0d71678]
Event: 19.902 Thread 0x0000020ad02e8680 nmethod 4706 0x0000020ac0d71708 code [0x0000020ac0d718e0, 0x0000020ac0d72320]
Event: 19.909 Thread 0x0000020ad03027d0 4731       1       jdk.jfr.internal.periodic.EventTask::getEventType (5 bytes)
Event: 19.909 Thread 0x0000020ad03027d0 nmethod 4731 0x0000020ac0d72388 code [0x0000020ac0d72480, 0x0000020ac0d72548]
Event: 19.909 Thread 0x0000020ad03027d0 4732       1       jdk.jfr.internal.periodic.PeriodicTask::getPeriod (5 bytes)
Event: 19.909 Thread 0x0000020ad03027d0 nmethod 4732 0x0000020ac0d72688 code [0x0000020ac0d72780, 0x0000020ac0d72848]
Event: 19.909 Thread 0x0000020ad03027d0 4733       3       java.util.Comparator$$Lambda/0x0000020ad21278b0::compare (10 bytes)
Event: 19.909 Thread 0x0000020ad03027d0 nmethod 4733 0x0000020ab98a8488 code [0x0000020ab98a85e0, 0x0000020ab98a8a58]
Event: 19.910 Thread 0x0000020ad03027d0 4734       3       java.util.Comparator::lambda$comparingLong$6043328a$1 (18 bytes)
Event: 19.910 Thread 0x0000020ad03027d0 nmethod 4734 0x0000020ab98a8a88 code [0x0000020ab98a8be0, 0x0000020ab98a8fc0]

GC Heap History (4 events):
Event: 0.824 GC heap before
{Heap before GC invocations=0 (full 0):
 garbage-first heap   total reserved 4114432K, committed 260096K, used 48240K [0x0000000704e00000, 0x0000000800000000)
  region size 2048K, 24 young (49152K), 0 survivors (0K)
 Metaspace       used 9533K, committed 9728K, reserved 1114112K
  class space    used 851K, committed 960K, reserved 1048576K
}
Event: 0.831 GC heap after
{Heap after GC invocations=1 (full 0):
 garbage-first heap   total reserved 4114432K, committed 260096K, used 6480K [0x0000000704e00000, 0x0000000800000000)
  region size 2048K, 3 young (6144K), 3 survivors (6144K)
 Metaspace       used 9533K, committed 9728K, reserved 1114112K
  class space    used 851K, committed 960K, reserved 1048576K
}
Event: 19.808 GC heap before
{Heap before GC invocations=1 (full 0):
 garbage-first heap   total reserved 4114432K, committed 260096K, used 76112K [0x0000000704e00000, 0x0000000800000000)
  region size 2048K, 37 young (75776K), 3 survivors (6144K)
 Metaspace       used 21169K, committed 21504K, reserved 1114112K
  class space    used 2412K, committed 2560K, reserved 1048576K
}
Event: 19.819 GC heap after
{Heap after GC invocations=2 (full 0):
 garbage-first heap   total reserved 4114432K, committed 260096K, used 19890K [0x0000000704e00000, 0x0000000800000000)
  region size 2048K, 8 young (16384K), 8 survivors (16384K)
 Metaspace       used 21169K, committed 21504K, reserved 1114112K
  class space    used 2412K, committed 2560K, reserved 1048576K
}

Dll operation events (20 events):
Event: 0.320 Loaded shared library C:\Users\chris\Downloads\openjfx-24.0.2_windows-x64_bin-sdk\javafx-sdk-24.0.2\bin\api-ms-win-crt-locale-l1-1-0.dll
Event: 0.322 Loaded shared library C:\Users\chris\Downloads\openjfx-24.0.2_windows-x64_bin-sdk\javafx-sdk-24.0.2\bin\api-ms-win-crt-math-l1-1-0.dll
Event: 0.324 Loaded shared library C:\Users\chris\Downloads\openjfx-24.0.2_windows-x64_bin-sdk\javafx-sdk-24.0.2\bin\api-ms-win-crt-multibyte-l1-1-0.dll
Event: 0.325 Loaded shared library C:\Users\chris\Downloads\openjfx-24.0.2_windows-x64_bin-sdk\javafx-sdk-24.0.2\bin\api-ms-win-crt-private-l1-1-0.dll
Event: 0.327 Loaded shared library C:\Users\chris\Downloads\openjfx-24.0.2_windows-x64_bin-sdk\javafx-sdk-24.0.2\bin\api-ms-win-crt-process-l1-1-0.dll
Event: 0.329 Loaded shared library C:\Users\chris\Downloads\openjfx-24.0.2_windows-x64_bin-sdk\javafx-sdk-24.0.2\bin\api-ms-win-crt-runtime-l1-1-0.dll
Event: 0.330 Loaded shared library C:\Users\chris\Downloads\openjfx-24.0.2_windows-x64_bin-sdk\javafx-sdk-24.0.2\bin\api-ms-win-crt-stdio-l1-1-0.dll
Event: 0.331 Loaded shared library C:\Users\chris\Downloads\openjfx-24.0.2_windows-x64_bin-sdk\javafx-sdk-24.0.2\bin\api-ms-win-crt-string-l1-1-0.dll
Event: 0.333 Loaded shared library C:\Users\chris\Downloads\openjfx-24.0.2_windows-x64_bin-sdk\javafx-sdk-24.0.2\bin\api-ms-win-crt-time-l1-1-0.dll
Event: 0.334 Loaded shared library C:\Users\chris\Downloads\openjfx-24.0.2_windows-x64_bin-sdk\javafx-sdk-24.0.2\bin\api-ms-win-crt-utility-l1-1-0.dll
Event: 0.336 Loaded shared library C:\Users\chris\Downloads\openjfx-24.0.2_windows-x64_bin-sdk\javafx-sdk-24.0.2\bin\ucrtbase.dll
Event: 0.338 Loaded shared library C:\Users\chris\Downloads\openjfx-24.0.2_windows-x64_bin-sdk\javafx-sdk-24.0.2\bin\vcruntime140.dll
Event: 0.341 Loaded shared library C:\Users\chris\Downloads\openjfx-24.0.2_windows-x64_bin-sdk\javafx-sdk-24.0.2\bin\vcruntime140_1.dll
Event: 0.344 Loaded shared library C:\Users\chris\Downloads\openjfx-24.0.2_windows-x64_bin-sdk\javafx-sdk-24.0.2\bin\msvcp140.dll
Event: 0.346 Loaded shared library C:\Users\chris\Downloads\openjfx-24.0.2_windows-x64_bin-sdk\javafx-sdk-24.0.2\bin\msvcp140_1.dll
Event: 0.349 Loaded shared library C:\Users\chris\Downloads\openjfx-24.0.2_windows-x64_bin-sdk\javafx-sdk-24.0.2\bin\msvcp140_2.dll
Event: 0.393 Loaded shared library C:\Users\chris\Downloads\openjfx-24.0.2_windows-x64_bin-sdk\javafx-sdk-24.0.2\bin\prism_d3d.dll
Event: 0.516 Loaded shared library C:\Users\chris\Downloads\openjfx-24.0.2_windows-x64_bin-sdk\javafx-sdk-24.0.2\bin\glass.dll
Event: 0.996 Loaded shared library C:\Users\chris\Downloads\openjfx-24.0.2_windows-x64_bin-sdk\javafx-sdk-24.0.2\bin\javafx_font.dll
Event: 19.725 Loaded shared library C:\Users\chris\AppData\Local\Temp\idea_libasyncProfiler_dll_temp_folder\libasyncProfiler.dll

Deoptimization events (20 events):
Event: 19.833 Thread 0x0000020ad02dedb0 Uncommon trap: trap_request=0xffffff4d fr.pc=0x0000020ac0d627a8 relative=0x0000000000000168
Event: 19.833 Thread 0x0000020ad02dedb0 Uncommon trap: reason=unstable_if action=reinterpret pc=0x0000020ac0d627a8 method=jdk.jfr.internal.Type.getKnownType(Ljava/lang/Class;)Ljdk/jfr/internal/Type; @ 47 c2
Event: 19.833 Thread 0x0000020ad02dedb0 DEOPT PACKING pc=0x0000020ac0d627a8 sp=0x0000002c349fe390
Event: 19.833 Thread 0x0000020ad02dedb0 DEOPT UNPACKING pc=0x0000020ac0727a82 sp=0x0000002c349fe328 mode 2
Event: 19.838 Thread 0x0000020ad02dedb0 Uncommon trap: trap_request=0xffffff4d fr.pc=0x0000020ac0c1354c relative=0x000000000000028c
Event: 19.838 Thread 0x0000020ad02dedb0 Uncommon trap: reason=unstable_if action=reinterpret pc=0x0000020ac0c1354c method=java.util.concurrent.ConcurrentHashMap.get(Ljava/lang/Object;)Ljava/lang/Object; @ 76 c2
Event: 19.838 Thread 0x0000020ad02dedb0 DEOPT PACKING pc=0x0000020ac0c1354c sp=0x0000002c349fe3b0
Event: 19.838 Thread 0x0000020ad02dedb0 DEOPT UNPACKING pc=0x0000020ac0727a82 sp=0x0000002c349fe328 mode 2
Event: 19.850 Thread 0x0000020ad02dedb0 Uncommon trap: trap_request=0xffffff6e fr.pc=0x0000020ac0d65520 relative=0x0000000000000400
Event: 19.850 Thread 0x0000020ad02dedb0 Uncommon trap: reason=loop_limit_check action=maybe_recompile pc=0x0000020ac0d65520 method=java.lang.StringLatin1.indexOf([BI[BII)I @ 37 c2
Event: 19.850 Thread 0x0000020ad02dedb0 DEOPT PACKING pc=0x0000020ac0d65520 sp=0x0000002c349fe600
Event: 19.850 Thread 0x0000020ad02dedb0 DEOPT UNPACKING pc=0x0000020ac0727a82 sp=0x0000002c349fe560 mode 2
Event: 19.855 Thread 0x0000020ad02dedb0 Uncommon trap: trap_request=0xffffff4d fr.pc=0x0000020ac0c2d128 relative=0x00000000000002e8
Event: 19.855 Thread 0x0000020ad02dedb0 Uncommon trap: reason=unstable_if action=reinterpret pc=0x0000020ac0c2d128 method=java.lang.StringLatin1.indexOf([BI[BII)I @ 91 c2
Event: 19.855 Thread 0x0000020ad02dedb0 DEOPT PACKING pc=0x0000020ac0c2d128 sp=0x0000002c349fe2e0
Event: 19.855 Thread 0x0000020ad02dedb0 DEOPT UNPACKING pc=0x0000020ac0727a82 sp=0x0000002c349fe260 mode 2
Event: 19.886 Thread 0x0000020ad02dedb0 Uncommon trap: trap_request=0xffffff4d fr.pc=0x0000020ac0d6b5e4 relative=0x0000000000000064
Event: 19.886 Thread 0x0000020ad02dedb0 Uncommon trap: reason=unstable_if action=reinterpret pc=0x0000020ac0d6b5e4 method=java.io.ByteArrayOutputStream.ensureCapacity(I)V @ 11 c2
Event: 19.886 Thread 0x0000020ad02dedb0 DEOPT PACKING pc=0x0000020ac0d6b5e4 sp=0x0000002c349fe680
Event: 19.886 Thread 0x0000020ad02dedb0 DEOPT UNPACKING pc=0x0000020ac0727a82 sp=0x0000002c349fe600 mode 2

Classes loaded (20 events):
Event: 19.875 Loading class jdk/jfr/internal/MetadataWriter
Event: 19.875 Loading class jdk/jfr/internal/MetadataWriter done
Event: 19.875 Loading class jdk/jfr/internal/MetadataDescriptor$Element
Event: 19.875 Loading class jdk/jfr/internal/MetadataDescriptor$Element done
Event: 19.875 Loading class jdk/jfr/internal/MetadataDescriptor$Attribute
Event: 19.876 Loading class jdk/jfr/internal/MetadataDescriptor$Attribute done
Event: 19.881 Loading class jdk/jfr/internal/consumer/StringParser$Encoding
Event: 19.881 Loading class jdk/jfr/internal/consumer/StringParser$Encoding done
Event: 19.888 Loading class jdk/jfr/internal/consumer/RepositoryFiles
Event: 19.889 Loading class jdk/jfr/internal/consumer/RepositoryFiles done
Event: 19.894 Loading class jdk/jfr/internal/SettingsManager$InternalSetting
Event: 19.894 Loading class jdk/jfr/internal/SettingsManager$InternalSetting done
Event: 19.895 Loading class jdk/jfr/internal/util/Rate
Event: 19.896 Loading class jdk/jfr/internal/util/Rate done
Event: 19.896 Loading class jdk/jfr/internal/util/TimespanUnit
Event: 19.896 Loading class jdk/jfr/internal/util/TimespanUnit done
Event: 19.896 Loading class jdk/jfr/internal/util/ValueParser
Event: 19.896 Loading class jdk/jfr/internal/util/ValueParser done
Event: 19.898 Loading class jdk/jfr/internal/periodic/PeriodicType
Event: 19.898 Loading class jdk/jfr/internal/periodic/PeriodicType done

Classes unloaded (0 events):
No events

Classes redefined (0 events):
No events

Internal exceptions (20 events):
Event: 1.149 Thread 0x0000020b16ace5b0 Exception <a 'java/lang/NoSuchMethodError'{0x0000000713549500}: 'void java.lang.invoke.DirectMethodHandle$Holder.invokeVirtual(java.lang.Object, java.lang.Object)'> (0x0000000713549500) 
thrown [s\open\src\hotspot\share\interpreter\linkResolver.cpp, line 805]
Event: 1.151 Thread 0x0000020b16ace5b0 Exception <a 'java/lang/NoSuchMethodError'{0x0000000713573ba0}: 'java.lang.Object java.lang.invoke.DirectMethodHandle$Holder.newInvokeSpecial(java.lang.Object, java.lang.Object, int, int)'> (0x0000000713573ba0) 
thrown [s\open\src\hotspot\share\interpreter\linkResolver.cpp, line 805]
Event: 1.214 Thread 0x0000020b16ace5b0 Implicit null exception at 0x0000020ac0bc9fd6 to 0x0000020ac0bca076
Event: 1.222 Thread 0x0000020b16ace5b0 Implicit null exception at 0x0000020ac0c1e08d to 0x0000020ac0c1e2fc
Event: 1.222 Thread 0x0000020b16ace5b0 Implicit null exception at 0x0000020ac0c20412 to 0x0000020ac0c2068c
Event: 1.222 Thread 0x0000020b16ace5b0 Implicit null exception at 0x0000020ac0bbc79d to 0x0000020ac0bbc819
Event: 1.252 Thread 0x0000020b16ace5b0 Exception <a 'java/lang/NoSuchMethodError'{0x00000007128dcec8}: 'java.lang.Object java.lang.invoke.DirectMethodHandle$Holder.invokeStatic(java.lang.Object, int, java.lang.Object)'> (0x00000007128dcec8) 
thrown [s\open\src\hotspot\share\interpreter\linkResolver.cpp, line 805]
Event: 1.257 Thread 0x0000020b16ace5b0 Exception <a 'java/lang/ClassNotFoundException'{0x00000007129149b0}: sun/util/logging/resources/spi/loggingProvider> (0x00000007129149b0) 
thrown [s\open\src\hotspot\share\classfile\systemDictionary.cpp, line 327]
Event: 1.376 Thread 0x0000020b16ace5b0 Implicit null exception at 0x0000020ac0c654cb to 0x0000020ac0c65530
Event: 1.381 Thread 0x0000020b16ace5b0 Exception <a 'java/lang/IncompatibleClassChangeError'{0x0000000712173770}: Found class java.lang.Object, but interface was expected> (0x0000000712173770) 
thrown [s\open\src\hotspot\share\interpreter\linkResolver.cpp, line 872]
Event: 1.499 Thread 0x0000020b16ace5b0 Exception <a 'java/lang/NoSuchMethodError'{0x000000071120a7d8}: 'int java.lang.invoke.DirectMethodHandle$Holder.invokeSpecial(java.lang.Object, java.lang.Object, int)'> (0x000000071120a7d8) 
thrown [s\open\src\hotspot\share\interpreter\linkResolver.cpp, line 805]
Event: 1.532 Thread 0x0000020b16ace5b0 Implicit null exception at 0x0000020ac0ca0e2b to 0x0000020ac0ca15e4
Event: 1.635 Thread 0x0000020b16ace5b0 Exception <a 'java/lang/NoSuchMethodError'{0x00000007111fbc08}: 'java.lang.Object java.lang.invoke.DirectMethodHandle$Holder.newInvokeSpecial(java.lang.Object, java.lang.Object, int)'> (0x00000007111fbc08) 
thrown [s\open\src\hotspot\share\interpreter\linkResolver.cpp, line 805]
Event: 1.750 Thread 0x0000020ad0d2a1e0 Exception <a 'java/lang/NoSuchMethodError'{0x0000000710caf208}: 'int java.lang.invoke.DirectMethodHandle$Holder.invokeStaticInit(java.lang.Object, java.lang.Object)'> (0x0000000710caf208) 
thrown [s\open\src\hotspot\share\interpreter\linkResolver.cpp, line 805]
Event: 19.792 Thread 0x0000020ad02dedb0 Exception <a 'java/lang/NoSuchMethodError'{0x0000000710282d78}: 'int java.lang.invoke.DirectMethodHandle$Holder.invokeStatic(java.lang.Object, java.lang.Object, java.lang.Object, java.lang.Object)'> (0x0000000710282d78) 
thrown [s\open\src\hotspot\share\interpreter\linkResolver.cpp, line 805]
Event: 19.864 Thread 0x0000020ad02dedb0 Exception <a 'java/lang/NoSuchMethodError'{0x0000000708275e58}: 'void java.lang.invoke.Invokers$Holder.invokeExact_MT(java.lang.Object, int, java.lang.Object)'> (0x0000000708275e58) 
thrown [s\open\src\hotspot\share\interpreter\linkResolver.cpp, line 805]
Event: 19.866 Thread 0x0000020ad02dedb0 Exception <a 'java/lang/NoSuchMethodError'{0x00000007082901a0}: 'void java.lang.invoke.DirectMethodHandle$Holder.invokeStatic(java.lang.Object, java.lang.Object, int)'> (0x00000007082901a0) 
thrown [s\open\src\hotspot\share\interpreter\linkResolver.cpp, line 805]
Event: 19.869 Thread 0x0000020ad02dedb0 Exception <a 'sun/nio/fs/WindowsException'{0x0000000708311728}> (0x0000000708311728) 
thrown [s\open\src\hotspot\share\prims\jni.cpp, line 518]
Event: 19.871 Thread 0x0000020ad02dedb0 Exception <a 'sun/nio/fs/WindowsException'{0x000000070831e4f0}> (0x000000070831e4f0) 
thrown [s\open\src\hotspot\share\prims\jni.cpp, line 518]
Event: 19.873 Thread 0x0000020ad02dedb0 Exception <a 'sun/nio/fs/WindowsException'{0x00000007083302b8}> (0x00000007083302b8) 
thrown [s\open\src\hotspot\share\prims\jni.cpp, line 518]

VM Operations (20 events):
Event: 1.354 Executing VM operation: HandshakeAllThreads (Deoptimize)
Event: 1.354 Executing VM operation: HandshakeAllThreads (Deoptimize) done
Event: 1.401 Executing VM operation: HandshakeAllThreads (Deoptimize)
Event: 1.401 Executing VM operation: HandshakeAllThreads (Deoptimize) done
Event: 1.401 Executing VM operation: HandshakeAllThreads (Deoptimize)
Event: 1.401 Executing VM operation: HandshakeAllThreads (Deoptimize) done
Event: 1.890 Executing VM operation: HandshakeAllThreads (Deoptimize)
Event: 1.890 Executing VM operation: HandshakeAllThreads (Deoptimize) done
Event: 15.528 Executing VM operation: HandshakeAllThreads (Deoptimize)
Event: 15.528 Executing VM operation: HandshakeAllThreads (Deoptimize) done
Event: 19.808 Executing VM operation: CollectForMetadataAllocation (Metadata GC Threshold)
Event: 19.820 Executing VM operation: CollectForMetadataAllocation (Metadata GC Threshold) done
Event: 19.824 Executing VM operation: G1PauseRemark
Event: 19.826 Executing VM operation: G1PauseRemark done
Event: 19.827 Executing VM operation: G1PauseCleanup
Event: 19.828 Executing VM operation: G1PauseCleanup done
Event: 19.868 Executing VM operation: HandshakeAllThreads (Deoptimize)
Event: 19.868 Executing VM operation: HandshakeAllThreads (Deoptimize) done
Event: 19.889 Executing VM operation: JFRSafepointClear
Event: 19.889 Executing VM operation: JFRSafepointClear done

Memory protections (0 events):
No events

Nmethod flushes (0 events):
No events

Events (20 events):
Event: 0.515 Thread 0x0000020b16ab1c00 Thread added: 0x0000020b16ac8180
Event: 0.518 Thread 0x0000020aae4b4060 Thread added: 0x0000020b16accb20
Event: 0.521 Thread 0x0000020b16ab1c00 Thread added: 0x0000020b16acde70
Event: 0.521 Thread 0x0000020aae4b4060 Thread added: 0x0000020b16ace5b0
Event: 0.640 Thread 0x0000020aae4b4060 Thread added: 0x0000020b16cfba00
Event: 0.652 Thread 0x0000020b16cfc8a0 Thread added: 0x0000020b16cfc8a0
Event: 1.376 Thread 0x0000020b16ace5b0 Thread added: 0x0000020b170c3390
Event: 1.800 Thread 0x0000020ad0d2a1e0 Thread added: 0x0000020b170c24f0
Event: 1.992 Thread 0x0000020ad04f82b0 Thread exited: 0x0000020ad04f82b0
Event: 2.411 Thread 0x0000020ad04b13f0 Thread exited: 0x0000020ad04b13f0
Event: 4.474 Thread 0x0000020ad03027d0 Thread added: 0x0000020b1f24ef50
Event: 4.620 Thread 0x0000020b1f24ef50 Thread exited: 0x0000020b1f24ef50
Event: 4.626 Thread 0x0000020ad03027d0 Thread added: 0x0000020b1f921090
Event: 4.626 Thread 0x0000020ad03027d0 Thread added: 0x0000020b1f921820
Event: 4.903 Thread 0x0000020b1f921820 Thread exited: 0x0000020b1f921820
Event: 4.908 Thread 0x0000020b1f921090 Thread exited: 0x0000020b1f921090
Event: 19.746 Thread 0x0000020ad03027d0 Thread added: 0x0000020ad06c43a0
Event: 19.761 Thread 0x0000020ad02dedb0 Thread added: 0x0000020b170c4230
Event: 19.867 Thread 0x0000020ad02dedb0 Thread added: 0x0000020b170c0f00
Event: 19.893 Thread 0x0000020ad02e8680 Thread added: 0x0000020b1f388590


Dynamic libraries:
0x00007ff7b4b80000 - 0x00007ff7b4b8e000 	C:\Users\chris\.jdks\openjdk-24.0.1\bin\java.exe
0x00007ff8fd000000 - 0x00007ff8fd268000 	C:\WINDOWS\SYSTEM32\ntdll.dll
0x00007ff8fc3a0000 - 0x00007ff8fc469000 	C:\WINDOWS\System32\KERNEL32.DLL
0x00007ff8fa2c0000 - 0x00007ff8fa6ad000 	C:\WINDOWS\System32\KERNELBASE.dll
0x00007ff8fa830000 - 0x00007ff8fa97b000 	C:\WINDOWS\System32\ucrtbase.dll
0x00007ff8e4eb0000 - 0x00007ff8e4ec6000 	C:\Users\chris\.jdks\openjdk-24.0.1\bin\jli.dll
0x00007ff8e4fb0000 - 0x00007ff8e4fcb000 	C:\Users\chris\.jdks\openjdk-24.0.1\bin\VCRUNTIME140.dll
0x00007ff8fc730000 - 0x00007ff8fc8fc000 	C:\WINDOWS\System32\USER32.dll
0x00007ff8e5d60000 - 0x00007ff8e5ffa000 	C:\WINDOWS\WinSxS\amd64_microsoft.windows.common-controls_6595b64144ccf1df_6.0.26100.4484_none_3e0e6d4ce32ef3b3\COMCTL32.dll
0x00007ff8fc900000 - 0x00007ff8fc9a9000 	C:\WINDOWS\System32\msvcrt.dll
0x00007ff8fa150000 - 0x00007ff8fa177000 	C:\WINDOWS\System32\win32u.dll
0x00007ff8fbee0000 - 0x00007ff8fbf0b000 	C:\WINDOWS\System32\GDI32.dll
0x00007ff8fa180000 - 0x00007ff8fa2b7000 	C:\WINDOWS\System32\gdi32full.dll
0x00007ff8faa20000 - 0x00007ff8faac3000 	C:\WINDOWS\System32\msvcp_win.dll
0x00007ff8faf00000 - 0x00007ff8faf2f000 	C:\WINDOWS\System32\IMM32.DLL
0x00007ff8e5ac0000 - 0x00007ff8e5acc000 	C:\Users\chris\.jdks\openjdk-24.0.1\bin\vcruntime140_1.dll
0x00007ff8b99b0000 - 0x00007ff8b9a3e000 	C:\Users\chris\.jdks\openjdk-24.0.1\bin\msvcp140.dll
0x00007ff873410000 - 0x00007ff8741b2000 	C:\Users\chris\.jdks\openjdk-24.0.1\bin\server\jvm.dll
0x00007ff8fbc70000 - 0x00007ff8fbd24000 	C:\WINDOWS\System32\ADVAPI32.dll
0x00007ff8fae50000 - 0x00007ff8faef6000 	C:\WINDOWS\System32\sechost.dll
0x00007ff8fc480000 - 0x00007ff8fc598000 	C:\WINDOWS\System32\RPCRT4.dll
0x00007ff8fc9b0000 - 0x00007ff8fca24000 	C:\WINDOWS\System32\WS2_32.dll
0x00007ff8f9fc0000 - 0x00007ff8fa01e000 	C:\WINDOWS\SYSTEM32\POWRPROF.dll
0x00007ff8f70a0000 - 0x00007ff8f70d5000 	C:\WINDOWS\SYSTEM32\WINMM.dll
0x00007ff8e64e0000 - 0x00007ff8e64eb000 	C:\WINDOWS\SYSTEM32\VERSION.dll
0x00007ff8f9fa0000 - 0x00007ff8f9fb4000 	C:\WINDOWS\SYSTEM32\UMPDC.dll
0x00007ff8f8ec0000 - 0x00007ff8f8edb000 	C:\WINDOWS\SYSTEM32\kernel.appcore.dll
0x00007ff8e5aa0000 - 0x00007ff8e5aaa000 	C:\Users\chris\.jdks\openjdk-24.0.1\bin\jimage.dll
0x00007ff8f77a0000 - 0x00007ff8f79e1000 	C:\WINDOWS\SYSTEM32\DBGHELP.DLL
0x00007ff8fcac0000 - 0x00007ff8fce46000 	C:\WINDOWS\System32\combase.dll
0x00007ff8fb810000 - 0x00007ff8fb8f0000 	C:\WINDOWS\System32\OLEAUT32.dll
0x00007ff8f6cf0000 - 0x00007ff8f6d33000 	C:\WINDOWS\SYSTEM32\dbgcore.DLL
0x00007ff8fa980000 - 0x00007ff8faa19000 	C:\WINDOWS\System32\bcryptPrimitives.dll
0x00007ff8e4e40000 - 0x00007ff8e4e4f000 	C:\Users\chris\.jdks\openjdk-24.0.1\bin\instrument.dll
0x00007ff8e4e70000 - 0x00007ff8e4e8e000 	C:\Users\chris\.jdks\openjdk-24.0.1\bin\java.dll
0x00007ff8fbd30000 - 0x00007ff8fbece000 	C:\WINDOWS\System32\ole32.dll
0x00007ff8fb050000 - 0x00007ff8fb79a000 	C:\WINDOWS\System32\SHELL32.dll
0x00007ff8fa6b0000 - 0x00007ff8fa824000 	C:\WINDOWS\System32\wintypes.dll
0x00007ff8f7d50000 - 0x00007ff8f85ab000 	C:\WINDOWS\SYSTEM32\windows.storage.dll
0x00007ff8fc630000 - 0x00007ff8fc725000 	C:\WINDOWS\System32\SHCORE.dll
0x00007ff8fc5c0000 - 0x00007ff8fc62a000 	C:\WINDOWS\System32\shlwapi.dll
0x00007ff8fa060000 - 0x00007ff8fa08f000 	C:\WINDOWS\SYSTEM32\profapi.dll
0x00007ff8adc50000 - 0x00007ff8add27000 	C:\Users\chris\.jdks\openjdk-24.0.1\bin\jsvml.dll
0x00007ff8e4e30000 - 0x00007ff8e4e40000 	C:\Users\chris\.jdks\openjdk-24.0.1\bin\net.dll
0x00007ff8f9460000 - 0x00007ff8f94ca000 	C:\WINDOWS\system32\mswsock.dll
0x00007ff8e4dd0000 - 0x00007ff8e4de6000 	C:\Users\chris\.jdks\openjdk-24.0.1\bin\nio.dll
0x00007ff8e4d80000 - 0x00007ff8e4d97000 	C:\Users\chris\.jdks\openjdk-24.0.1\bin\zip.dll
0x00007ff8e4d70000 - 0x00007ff8e4d79000 	C:\Users\chris\.jdks\openjdk-24.0.1\bin\extnet.dll
0x00007ff8f89b0000 - 0x00007ff8f8ad6000 	C:\WINDOWS\SYSTEM32\DNSAPI.dll
0x00007ff8f88c0000 - 0x00007ff8f88f3000 	C:\WINDOWS\SYSTEM32\IPHLPAPI.DLL
0x00007ff8fba80000 - 0x00007ff8fba8a000 	C:\WINDOWS\System32\NSI.dll
0x00007ff8ee6f0000 - 0x00007ff8ee6fb000 	C:\Windows\System32\rasadhlp.dll
0x00007ff8f0de0000 - 0x00007ff8f0e66000 	C:\WINDOWS\System32\fwpuclnt.dll
0x00007ff8e4c00000 - 0x00007ff8e4c0a000 	C:\Users\chris\.jdks\openjdk-24.0.1\bin\management.dll
0x00007ff8e4bf0000 - 0x00007ff8e4bfb000 	C:\Users\chris\.jdks\openjdk-24.0.1\bin\management_ext.dll
0x00007ff8fb7a0000 - 0x00007ff8fb7a8000 	C:\WINDOWS\System32\PSAPI.DLL
0x0000020ab07d0000 - 0x0000020ab07d4000 	C:\Users\chris\Downloads\openjfx-24.0.2_windows-x64_bin-sdk\javafx-sdk-24.0.2\bin\api-ms-win-core-console-l1-1-0.dll
0x0000020ab07e0000 - 0x0000020ab07e4000 	C:\Users\chris\Downloads\openjfx-24.0.2_windows-x64_bin-sdk\javafx-sdk-24.0.2\bin\api-ms-win-core-console-l1-2-0.dll
0x0000020ab07f0000 - 0x0000020ab07f4000 	C:\Users\chris\Downloads\openjfx-24.0.2_windows-x64_bin-sdk\javafx-sdk-24.0.2\bin\api-ms-win-core-datetime-l1-1-0.dll
0x0000020ad0f10000 - 0x0000020ad0f14000 	C:\Users\chris\Downloads\openjfx-24.0.2_windows-x64_bin-sdk\javafx-sdk-24.0.2\bin\api-ms-win-core-debug-l1-1-0.dll
0x0000020ad0f20000 - 0x0000020ad0f24000 	C:\Users\chris\Downloads\openjfx-24.0.2_windows-x64_bin-sdk\javafx-sdk-24.0.2\bin\api-ms-win-core-errorhandling-l1-1-0.dll
0x0000020ad0f30000 - 0x0000020ad0f35000 	C:\Users\chris\Downloads\openjfx-24.0.2_windows-x64_bin-sdk\javafx-sdk-24.0.2\bin\api-ms-win-core-file-l1-1-0.dll
0x0000020ad0f40000 - 0x0000020ad0f44000 	C:\Users\chris\Downloads\openjfx-24.0.2_windows-x64_bin-sdk\javafx-sdk-24.0.2\bin\api-ms-win-core-file-l1-2-0.dll
0x0000020ad0f50000 - 0x0000020ad0f54000 	C:\Users\chris\Downloads\openjfx-24.0.2_windows-x64_bin-sdk\javafx-sdk-24.0.2\bin\api-ms-win-core-file-l2-1-0.dll
0x0000020ad0f60000 - 0x0000020ad0f64000 	C:\Users\chris\Downloads\openjfx-24.0.2_windows-x64_bin-sdk\javafx-sdk-24.0.2\bin\api-ms-win-core-handle-l1-1-0.dll
0x0000020ad0f70000 - 0x0000020ad0f74000 	C:\Users\chris\Downloads\openjfx-24.0.2_windows-x64_bin-sdk\javafx-sdk-24.0.2\bin\api-ms-win-core-heap-l1-1-0.dll
0x0000020ad0f80000 - 0x0000020ad0f84000 	C:\Users\chris\Downloads\openjfx-24.0.2_windows-x64_bin-sdk\javafx-sdk-24.0.2\bin\api-ms-win-core-interlocked-l1-1-0.dll
0x0000020ad0f90000 - 0x0000020ad0f94000 	C:\Users\chris\Downloads\openjfx-24.0.2_windows-x64_bin-sdk\javafx-sdk-24.0.2\bin\api-ms-win-core-libraryloader-l1-1-0.dll
0x0000020ad0fa0000 - 0x0000020ad0fa4000 	C:\Users\chris\Downloads\openjfx-24.0.2_windows-x64_bin-sdk\javafx-sdk-24.0.2\bin\api-ms-win-core-localization-l1-2-0.dll
0x0000020ad0fb0000 - 0x0000020ad0fb4000 	C:\Users\chris\Downloads\openjfx-24.0.2_windows-x64_bin-sdk\javafx-sdk-24.0.2\bin\api-ms-win-core-memory-l1-1-0.dll
0x0000020ad0fc0000 - 0x0000020ad0fc4000 	C:\Users\chris\Downloads\openjfx-24.0.2_windows-x64_bin-sdk\javafx-sdk-24.0.2\bin\api-ms-win-core-namedpipe-l1-1-0.dll
0x0000020ad0fd0000 - 0x0000020ad0fd4000 	C:\Users\chris\Downloads\openjfx-24.0.2_windows-x64_bin-sdk\javafx-sdk-24.0.2\bin\api-ms-win-core-processenvironment-l1-1-0.dll
0x0000020ad0fe0000 - 0x0000020ad0fe4000 	C:\Users\chris\Downloads\openjfx-24.0.2_windows-x64_bin-sdk\javafx-sdk-24.0.2\bin\api-ms-win-core-processthreads-l1-1-0.dll
0x0000020ad0ff0000 - 0x0000020ad0ff4000 	C:\Users\chris\Downloads\openjfx-24.0.2_windows-x64_bin-sdk\javafx-sdk-24.0.2\bin\api-ms-win-core-processthreads-l1-1-1.dll
0x0000020b16450000 - 0x0000020b16454000 	C:\Users\chris\Downloads\openjfx-24.0.2_windows-x64_bin-sdk\javafx-sdk-24.0.2\bin\api-ms-win-core-profile-l1-1-0.dll
0x0000020b16460000 - 0x0000020b16464000 	C:\Users\chris\Downloads\openjfx-24.0.2_windows-x64_bin-sdk\javafx-sdk-24.0.2\bin\api-ms-win-core-rtlsupport-l1-1-0.dll
0x0000020b16470000 - 0x0000020b16474000 	C:\Users\chris\Downloads\openjfx-24.0.2_windows-x64_bin-sdk\javafx-sdk-24.0.2\bin\api-ms-win-core-string-l1-1-0.dll
0x0000020b16480000 - 0x0000020b16484000 	C:\Users\chris\Downloads\openjfx-24.0.2_windows-x64_bin-sdk\javafx-sdk-24.0.2\bin\api-ms-win-core-synch-l1-1-0.dll
0x0000020b16490000 - 0x0000020b16494000 	C:\Users\chris\Downloads\openjfx-24.0.2_windows-x64_bin-sdk\javafx-sdk-24.0.2\bin\api-ms-win-core-synch-l1-2-0.dll
0x0000020b164a0000 - 0x0000020b164a4000 	C:\Users\chris\Downloads\openjfx-24.0.2_windows-x64_bin-sdk\javafx-sdk-24.0.2\bin\api-ms-win-core-sysinfo-l1-1-0.dll
0x0000020b164b0000 - 0x0000020b164b4000 	C:\Users\chris\Downloads\openjfx-24.0.2_windows-x64_bin-sdk\javafx-sdk-24.0.2\bin\api-ms-win-core-timezone-l1-1-0.dll
0x0000020b164c0000 - 0x0000020b164c4000 	C:\Users\chris\Downloads\openjfx-24.0.2_windows-x64_bin-sdk\javafx-sdk-24.0.2\bin\api-ms-win-core-util-l1-1-0.dll
0x0000020b164d0000 - 0x0000020b164d4000 	C:\Users\chris\Downloads\openjfx-24.0.2_windows-x64_bin-sdk\javafx-sdk-24.0.2\bin\api-ms-win-crt-conio-l1-1-0.dll
0x0000020b164e0000 - 0x0000020b164e5000 	C:\Users\chris\Downloads\openjfx-24.0.2_windows-x64_bin-sdk\javafx-sdk-24.0.2\bin\api-ms-win-crt-convert-l1-1-0.dll
0x0000020b164f0000 - 0x0000020b164f4000 	C:\Users\chris\Downloads\openjfx-24.0.2_windows-x64_bin-sdk\javafx-sdk-24.0.2\bin\api-ms-win-crt-environment-l1-1-0.dll
0x0000020b16500000 - 0x0000020b16504000 	C:\Users\chris\Downloads\openjfx-24.0.2_windows-x64_bin-sdk\javafx-sdk-24.0.2\bin\api-ms-win-crt-filesystem-l1-1-0.dll
0x0000020b16510000 - 0x0000020b16514000 	C:\Users\chris\Downloads\openjfx-24.0.2_windows-x64_bin-sdk\javafx-sdk-24.0.2\bin\api-ms-win-crt-heap-l1-1-0.dll
0x0000020b16520000 - 0x0000020b16524000 	C:\Users\chris\Downloads\openjfx-24.0.2_windows-x64_bin-sdk\javafx-sdk-24.0.2\bin\api-ms-win-crt-locale-l1-1-0.dll
0x0000020b16530000 - 0x0000020b16536000 	C:\Users\chris\Downloads\openjfx-24.0.2_windows-x64_bin-sdk\javafx-sdk-24.0.2\bin\api-ms-win-crt-math-l1-1-0.dll
0x0000020b16540000 - 0x0000020b16546000 	C:\Users\chris\Downloads\openjfx-24.0.2_windows-x64_bin-sdk\javafx-sdk-24.0.2\bin\api-ms-win-crt-multibyte-l1-1-0.dll
0x0000020b16550000 - 0x0000020b16561000 	C:\Users\chris\Downloads\openjfx-24.0.2_windows-x64_bin-sdk\javafx-sdk-24.0.2\bin\api-ms-win-crt-private-l1-1-0.dll
0x0000020b16570000 - 0x0000020b16574000 	C:\Users\chris\Downloads\openjfx-24.0.2_windows-x64_bin-sdk\javafx-sdk-24.0.2\bin\api-ms-win-crt-process-l1-1-0.dll
0x0000020b16580000 - 0x0000020b16585000 	C:\Users\chris\Downloads\openjfx-24.0.2_windows-x64_bin-sdk\javafx-sdk-24.0.2\bin\api-ms-win-crt-runtime-l1-1-0.dll
0x0000020b16590000 - 0x0000020b16595000 	C:\Users\chris\Downloads\openjfx-24.0.2_windows-x64_bin-sdk\javafx-sdk-24.0.2\bin\api-ms-win-crt-stdio-l1-1-0.dll
0x0000020b165a0000 - 0x0000020b165a5000 	C:\Users\chris\Downloads\openjfx-24.0.2_windows-x64_bin-sdk\javafx-sdk-24.0.2\bin\api-ms-win-crt-string-l1-1-0.dll
0x0000020b165b0000 - 0x0000020b165b4000 	C:\Users\chris\Downloads\openjfx-24.0.2_windows-x64_bin-sdk\javafx-sdk-24.0.2\bin\api-ms-win-crt-time-l1-1-0.dll
0x0000020b165c0000 - 0x0000020b165c4000 	C:\Users\chris\Downloads\openjfx-24.0.2_windows-x64_bin-sdk\javafx-sdk-24.0.2\bin\api-ms-win-crt-utility-l1-1-0.dll
0x00007ff899830000 - 0x00007ff899941000 	C:\Users\chris\Downloads\openjfx-24.0.2_windows-x64_bin-sdk\javafx-sdk-24.0.2\bin\ucrtbase.dll
0x00007ff8e4b90000 - 0x00007ff8e4bab000 	C:\Users\chris\Downloads\openjfx-24.0.2_windows-x64_bin-sdk\javafx-sdk-24.0.2\bin\vcruntime140.dll
0x00007ff8e4be0000 - 0x00007ff8e4bec000 	C:\Users\chris\Downloads\openjfx-24.0.2_windows-x64_bin-sdk\javafx-sdk-24.0.2\bin\vcruntime140_1.dll
0x00007ff8b9880000 - 0x00007ff8b990e000 	C:\Users\chris\Downloads\openjfx-24.0.2_windows-x64_bin-sdk\javafx-sdk-24.0.2\bin\msvcp140.dll
0x00007ff8e4b80000 - 0x00007ff8e4b89000 	C:\Users\chris\Downloads\openjfx-24.0.2_windows-x64_bin-sdk\javafx-sdk-24.0.2\bin\msvcp140_1.dll
0x00007ff8d5e70000 - 0x00007ff8d5eb1000 	C:\Users\chris\Downloads\openjfx-24.0.2_windows-x64_bin-sdk\javafx-sdk-24.0.2\bin\msvcp140_2.dll
0x00007ff8e4350000 - 0x00007ff8e4380000 	C:\Users\chris\Downloads\openjfx-24.0.2_windows-x64_bin-sdk\javafx-sdk-24.0.2\bin\prism_d3d.dll
0x00007ff8c4bd0000 - 0x00007ff8c4d8a000 	C:\WINDOWS\system32\d3d9.dll
0x00007ff8f68b0000 - 0x00007ff8f68e6000 	C:\WINDOWS\SYSTEM32\dwmapi.dll
0x00007ff8f6590000 - 0x00007ff8f65dd000 	C:\WINDOWS\SYSTEM32\dxcore.dll
0x00007ff8f63b0000 - 0x00007ff8f645f000 	C:\WINDOWS\system32\uxtheme.dll
0x00007ff89b580000 - 0x00007ff89b64a000 	C:\WINDOWS\SYSTEM32\d3d9on12.dll
0x00007ff8f6650000 - 0x00007ff8f6788000 	C:\WINDOWS\SYSTEM32\dxgi.dll
0x00007ff8e3f60000 - 0x00007ff8e3f83000 	C:\WINDOWS\SYSTEM32\d3d12.dll
0x00007ff8f65e0000 - 0x00007ff8f6644000 	C:\WINDOWS\SYSTEM32\directxdatabasehelper.dll
0x00007ff8f9c90000 - 0x00007ff8f9ce7000 	C:\WINDOWS\SYSTEM32\cfgmgr32.dll
0x00007ff894970000 - 0x00007ff894be7000 	C:\WINDOWS\SYSTEM32\D3D12Core.dll
0x00007ff890740000 - 0x00007ff890833000 	C:\WINDOWS\System32\DriverStore\FileRepository\iigd_dch.inf_amd64_0b97e8f404b30d40\igd12umd64.dll
0x00007ff8621f0000 - 0x00007ff863475000 	C:\WINDOWS\System32\DriverStore\FileRepository\iigd_dch.inf_amd64_0b97e8f404b30d40\igd12um64xel.dll
0x00007ff8fab60000 - 0x00007ff8facd7000 	C:\WINDOWS\System32\CRYPT32.dll
0x00007ff8fa030000 - 0x00007ff8fa056000 	C:\WINDOWS\SYSTEM32\bcrypt.dll
0x00007ff8e0ea0000 - 0x00007ff8e101c000 	C:\WINDOWS\SYSTEM32\drvstore.dll
0x00007ff8e3f10000 - 0x00007ff8e3f36000 	C:\WINDOWS\System32\DriverStore\FileRepository\iigd_dch.inf_amd64_0b97e8f404b30d40\igdext64.dll
0x00007ff894430000 - 0x00007ff894479000 	C:\WINDOWS\SYSTEM32\ControlLib.dll
0x00007ff8ee800000 - 0x00007ff8ee891000 	C:\WINDOWS\System32\DriverStore\FileRepository\iigd_dch.inf_amd64_0b97e8f404b30d40\IntelControlLib.dll
0x00007ff8ee2b0000 - 0x00007ff8ee6ee000 	C:\WINDOWS\System32\DriverStore\FileRepository\iigd_dch.inf_amd64_0b97e8f404b30d40\igdgmm64.dll
0x00007ff8e9f20000 - 0x00007ff8edf74000 	C:\WINDOWS\System32\DriverStore\FileRepository\iigd_dch.inf_amd64_0b97e8f404b30d40\igc64.dll
0x00007ff8f9730000 - 0x00007ff8f974b000 	C:\WINDOWS\SYSTEM32\CRYPTSP.dll
0x00007ff8f8e20000 - 0x00007ff8f8e5b000 	C:\WINDOWS\system32\rsaenh.dll
0x00007ff8f9520000 - 0x00007ff8f954b000 	C:\WINDOWS\SYSTEM32\USERENV.dll
0x00007ff8f9750000 - 0x00007ff8f975c000 	C:\WINDOWS\SYSTEM32\CRYPTBASE.dll

JVMTI agents:
C:\Program Files\JetBrains\IntelliJ IDEA 2024.3.4.1\lib\idea_rt.jar path:C:\Users\chris\.jdks\openjdk-24.0.1\bin\instrument.dll, loaded, initialized, instrumentlib options:59598

dbghelp: loaded successfully - version: 4.0.5 - missing functions: none
symbol engine: initialized successfully - sym options: 0x614 - pdb path: .;C:\Users\chris\.jdks\openjdk-24.0.1\bin;C:\WINDOWS\SYSTEM32;C:\WINDOWS\WinSxS\amd64_microsoft.windows.common-controls_6595b64144ccf1df_6.0.26100.4484_none_3e0e6d4ce32ef3b3;C:\Users\chris\.jdks\openjdk-24.0.1\bin\server;C:\Users\chris\Downloads\openjfx-24.0.2_windows-x64_bin-sdk\javafx-sdk-24.0.2\bin;C:\WINDOWS\System32\DriverStore\FileRepository\iigd_dch.inf_amd64_0b97e8f404b30d40;C:\Program Files\Common Files\Microsoft Shared\Ink;C:\Users\chris\AppData\Local\Temp\idea_libasyncProfiler_dll_temp_folder

VM Arguments:
jvm_args: --enable-native-access=javafx.graphics --module-path=C:\Users\chris\Downloads\openjfx-24.0.2_windows-x64_bin-sdk\javafx-sdk-24.0.2\lib --add-modules=javafx.controls,javafx.fxml --enable-preview -javaagent:C:\Program Files\JetBrains\IntelliJ IDEA 2024.3.4.1\lib\idea_rt.jar=59598 -Dfile.encoding=UTF-8 -Dsun.stdout.encoding=UTF-8 -Dsun.stderr.encoding=UTF-8 
java_command: main.java.com.shortestpath.ui.PathfindingVisualizerApp
java_class_path (initial): C:\Users\chris\IdeaProjects\ShortestPath\out\production\ShortestPath;C:\Users\chris\IdeaProjects\ShortestPath\lib\gson-2.10.1.jar;C:\Users\chris\Downloads\openjfx-24.0.2_windows-x64_bin-sdk\javafx-sdk-24.0.2\lib\javafx-swt.jar;C:\Users\chris\Downloads\openjfx-24.0.2_windows-x64_bin-sdk\javafx-sdk-24.0.2\lib\javafx.web.jar;C:\Users\chris\Downloads\openjfx-24.0.2_windows-x64_bin-sdk\javafx-sdk-24.0.2\lib\javafx.base.jar;C:\Users\chris\Downloads\openjfx-24.0.2_windows-x64_bin-sdk\javafx-sdk-24.0.2\lib\javafx.fxml.jar;C:\Users\chris\Downloads\openjfx-24.0.2_windows-x64_bin-sdk\javafx-sdk-24.0.2\lib\javafx.media.jar;C:\Users\chris\Downloads\openjfx-24.0.2_windows-x64_bin-sdk\javafx-sdk-24.0.2\lib\javafx.swing.jar;C:\Users\chris\Downloads\openjfx-24.0.2_windows-x64_bin-sdk\javafx-sdk-24.0.2\lib\jdk.jsobject.jar;C:\Users\chris\Downloads\openjfx-24.0.2_windows-x64_bin-sdk\javafx-sdk-24.0.2\lib\javafx.controls.jar;C:\Users\chris\Downloads\openjfx-24.0.2_windows-x64_bin-sdk\javafx-sdk-24.0.2\lib\javafx.graphics.jar;C:\Users\chris\Downloads\openjfx-24.0.2_windows-x64_bin-sdk\javafx-sdk-24.0.2\lib\jfx.incubator.input.jar;C:\Users\chris\Downloads\openjfx-24.0.2_windows-x64_bin-sdk\javafx-sdk-24.0.2\lib\jfx.incubator.richtext.jar
Launcher Type: SUN_STANDARD

[Global flags]
     intx CICompilerCount                          = 4                                         {product} {ergonomic}
     uint ConcGCThreads                            = 3                                         {product} {ergonomic}
     bool FlightRecorder                           = true                                      {product} {management}
     uint G1ConcRefinementThreads                  = 10                                        {product} {ergonomic}
   size_t G1HeapRegionSize                         = 2097152                                   {product} {ergonomic}
   size_t InitialHeapSize                          = 264241152                                 {product} {ergonomic}
   size_t MarkStackSize                            = 4194304                                   {product} {ergonomic}
   size_t MarkStackSizeMax                         = 536870912                                 {product} {ergonomic}
   size_t MaxHeapSize                              = 4213178368                                {product} {ergonomic}
   size_t MaxNewSize                               = 2527068160                                {product} {ergonomic}
   size_t MinHeapDeltaBytes                        = 2097152                                   {product} {ergonomic}
   size_t MinHeapSize                              = 8388608                                   {product} {ergonomic}
    uintx NonNMethodCodeHeapSize                   = 5832704                                {pd product} {ergonomic}
    uintx NonProfiledCodeHeapSize                  = 122945536                              {pd product} {ergonomic}
    uintx ProfiledCodeHeapSize                     = 122880000                              {pd product} {ergonomic}
    uintx ReservedCodeCacheSize                    = 251658240                              {pd product} {ergonomic}
     bool SegmentedCodeCache                       = true                                      {product} {ergonomic}
   size_t SoftMaxHeapSize                          = 4213178368                             {manageable} {ergonomic}
     bool UseCompressedOops                        = true                           {product lp64_product} {ergonomic}
     bool UseG1GC                                  = true                                      {product} {ergonomic}
     bool UseLargePagesIndividualAllocation        = false                                  {pd product} {ergonomic}

Logging:
Log output configuration:
 #0: stdout all=warning uptime,level,tags foldmultilines=false
 #1: stderr all=off uptime,level,tags foldmultilines=false

Environment Variables:
PATH=C:\Program Files\Common Files\Oracle\Java\javapath;C:\WINDOWS\system32;C:\WINDOWS;C:\WINDOWS\System32\Wbem;C:\WINDOWS\System32\WindowsPowerShell\v1.0\;C:\WINDOWS\System32\OpenSSH\;C:\Program Files\dotnet\;C:\Program Files\Git\cmd;C:\Users\chris\AppData\Local\Microsoft\WindowsApps;
USERNAME=chris
OS=Windows_NT
PROCESSOR_IDENTIFIER=Intel64 Family 6 Model 154 Stepping 4, GenuineIntel
TMP=C:\Users\chris\AppData\Local\Temp
TEMP=C:\Users\chris\AppData\Local\Temp




Periodic native trim disabled

---------------  S Y S T E M  ---------------

OS:
 Windows 11 , 64 bit Build 26100 (10.0.26100.4484)
OS uptime: 7 days 16:32 hours
Hyper-V role detected

CPU: total 12 (initial active 12) (6 cores per cpu, 2 threads per core) family 6 model 154 stepping 4 microcode 0x435, cx8, cmov, fxsr, ht, mmx, 3dnowpref, sse, sse2, sse3, ssse3, sse4.1, sse4.2, popcnt, lzcnt, tsc, tscinvbit, avx, avx2, aes, erms, clmul, bmi1, bmi2, adx, sha, fma, vzeroupper, clflush, clflushopt, clwb, hv, serialize, rdtscp, rdpid, fsrm, gfni, f16c, cet_ibt, cet_ss
Processor Information for processor 0
  Max Mhz: 1700, Current Mhz: 1700, Mhz Limit: 1700
Processor Information for processor 1
  Max Mhz: 1700, Current Mhz: 1700, Mhz Limit: 1700
Processor Information for processor 2
  Max Mhz: 1700, Current Mhz: 1700, Mhz Limit: 1700
Processor Information for processor 3
  Max Mhz: 1700, Current Mhz: 1457, Mhz Limit: 1700
Processor Information for processor 4
  Max Mhz: 1700, Current Mhz: 1200, Mhz Limit: 1190
Processor Information for processor 5
  Max Mhz: 1700, Current Mhz: 1200, Mhz Limit: 1190
Processor Information for processor 6
  Max Mhz: 1700, Current Mhz: 1200, Mhz Limit: 1190
Processor Information for processor 7
  Max Mhz: 1700, Current Mhz: 1200, Mhz Limit: 1190
Processor Information for processor 8
  Max Mhz: 1700, Current Mhz: 1200, Mhz Limit: 1190
Processor Information for processor 9
  Max Mhz: 1700, Current Mhz: 1200, Mhz Limit: 1190
Processor Information for processor 10
  Max Mhz: 1700, Current Mhz: 1200, Mhz Limit: 1190
Processor Information for processor 11
  Max Mhz: 1700, Current Mhz: 1200, Mhz Limit: 1190

Memory: 4k page, system-wide physical 16068M (3645M free)
TotalPageFile size 21356M (AvailPageFile size 3291M)
current process WorkingSet (physical memory assigned to process): 338M, peak: 390M
current process commit charge ("private bytes"): 459M, peak: 639M

vm_info: OpenJDK 64-Bit Server VM (24.0.1+9-30) for windows-amd64 JRE (24.0.1+9-30), built on 2025-03-05T07:23:45Z with MS VC++ 17.6 (VS2022)

END.
